Determining if the pthread_create exist failed with the following output:
Change Dir: /home/wilk/Desktop/repos/threadBalls/BallsCppLinux/cmake-build-debug/CMakeFiles/CMakeTmp

Run Build Command:"/usr/bin/make" "cmTC_1dd1f/fast"
make[1]: Entering directory '/home/wilk/Desktop/repos/threadBalls/BallsCppLinux/cmake-build-debug/CMakeFiles/CMakeTmp'
/usr/bin/make -f CMakeFiles/cmTC_1dd1f.dir/build.make CMakeFiles/cmTC_1dd1f.dir/build
make[2]: Entering directory '/home/wilk/Desktop/repos/threadBalls/BallsCppLinux/cmake-build-debug/CMakeFiles/CMakeTmp'
Building C object CMakeFiles/cmTC_1dd1f.dir/CheckSymbolExists.c.o
/usr/bin/cc    -o CMakeFiles/cmTC_1dd1f.dir/CheckSymbolExists.c.o   -c /home/wilk/Desktop/repos/threadBalls/BallsCppLinux/cmake-build-debug/CMakeFiles/CMakeTmp/CheckSymbolExists.c
Linking C executable cmTC_1dd1f
/home/wilk/Desktop/repos/clion-2018.3.4/bin/cmake/linux/bin/cmake -E cmake_link_script CMakeFiles/cmTC_1dd1f.dir/link.txt --verbose=1
/usr/bin/cc      CMakeFiles/cmTC_1dd1f.dir/CheckSymbolExists.c.o  -o cmTC_1dd1f 
CMakeFiles/cmTC_1dd1f.dir/CheckSymbolExists.c.o: In function `main':
CheckSymbolExists.c:(.text+0x1b): undefined reference to `pthread_create'
collect2: error: ld returned 1 exit status
CMakeFiles/cmTC_1dd1f.dir/build.make:86: recipe for target 'cmTC_1dd1f' failed
make[2]: *** [cmTC_1dd1f] Error 1
make[2]: Leaving directory '/home/wilk/Desktop/repos/threadBalls/BallsCppLinux/cmake-build-debug/CMakeFiles/CMakeTmp'
Makefile:121: recipe for target 'cmTC_1dd1f/fast' failed
make[1]: *** [cmTC_1dd1f/fast] Error 2
make[1]: Leaving directory '/home/wilk/Desktop/repos/threadBalls/BallsCppLinux/cmake-build-debug/CMakeFiles/CMakeTmp'

File /home/wilk/Desktop/repos/threadBalls/BallsCppLinux/cmake-build-debug/CMakeFiles/CMakeTmp/CheckSymbolExists.c:
/* */
#include <pthread.h>

int main(int argc, char** argv)
{
  (void)argv;
#ifndef pthread_create
  return ((int*)(&pthread_create))[argc];
#else
  (void)argc;
  return 0;
#endif
}

Determining if the function pthread_create exists in the pthreads failed with the following output:
Change Dir: /home/wilk/Desktop/repos/threadBalls/BallsCppLinux/cmake-build-debug/CMakeFiles/CMakeTmp

Run Build Command:"/usr/bin/make" "cmTC_fc6e2/fast"
make[1]: Entering directory '/home/wilk/Desktop/repos/threadBalls/BallsCppLinux/cmake-build-debug/CMakeFiles/CMakeTmp'
/usr/bin/make -f CMakeFiles/cmTC_fc6e2.dir/build.make CMakeFiles/cmTC_fc6e2.dir/build
make[2]: Entering directory '/home/wilk/Desktop/repos/threadBalls/BallsCppLinux/cmake-build-debug/CMakeFiles/CMakeTmp'
Building C object CMakeFiles/cmTC_fc6e2.dir/CheckFunctionExists.c.o
/usr/bin/cc   -DCHECK_FUNCTION_EXISTS=pthread_create   -o CMakeFiles/cmTC_fc6e2.dir/CheckFunctionExists.c.o   -c /home/wilk/Desktop/repos/clion-2018.3.4/bin/cmake/linux/share/cmake-3.13/Modules/CheckFunctionExists.c
Linking C executable cmTC_fc6e2
/home/wilk/Desktop/repos/clion-2018.3.4/bin/cmake/linux/bin/cmake -E cmake_link_script CMakeFiles/cmTC_fc6e2.dir/link.txt --verbose=1
/usr/bin/cc  -DCHECK_FUNCTION_EXISTS=pthread_create    CMakeFiles/cmTC_fc6e2.dir/CheckFunctionExists.c.o  -o cmTC_fc6e2 -lpthreads 
/usr/bin/ld: cannot find -lpthreads
collect2: error: ld returned 1 exit status
CMakeFiles/cmTC_fc6e2.dir/build.make:86: recipe for target 'cmTC_fc6e2' failed
make[2]: *** [cmTC_fc6e2] Error 1
make[2]: Leaving directory '/home/wilk/Desktop/repos/threadBalls/BallsCppLinux/cmake-build-debug/CMakeFiles/CMakeTmp'
Makefile:121: recipe for target 'cmTC_fc6e2/fast' failed
make[1]: *** [cmTC_fc6e2/fast] Error 2
make[1]: Leaving directory '/home/wilk/Desktop/repos/threadBalls/BallsCppLinux/cmake-build-debug/CMakeFiles/CMakeTmp'


